<?xml version="1.0" encoding="UTF-8"?>
<robot generator="Robot 5.0.1 (Python 3.10.5 on win32)" generated="20220622 17:31:52.639" rpa="false" schemaversion="3">
<suite id="s1" name="Amazon Testes Gherkin Bdd" source="c:\CursoUdemy\RobotFramework\WebTesting\amazon_testes_gherkin_bdd.robot">
<test id="s1-t1" name=" Caso de Teste 02 - Pesquisa de um Produto" line="19">
<kw name="Abrir o navegador" library="amazon_resources_gherkin_bdd" type="SETUP">
<kw name="Open Browser" library="SeleniumLibrary">
<arg>browser=chrome</arg>
<doc>Opens a new browser instance to the optional ``url``.</doc>
<msg timestamp="20220622 17:31:52.855" level="INFO">Opening browser 'chrome' to base url 'None'.</msg>
<status status="PASS" starttime="20220622 17:31:52.854" endtime="20220622 17:31:54.416"/>
</kw>
<kw name="Maximize Browser Window" library="SeleniumLibrary">
<doc>Maximizes current browser window.</doc>
<status status="PASS" starttime="20220622 17:31:54.417" endtime="20220622 17:31:54.553"/>
</kw>
<status status="PASS" starttime="20220622 17:31:52.854" endtime="20220622 17:31:54.554"/>
</kw>
<kw name="Dado que estou na home page da Amazon.com.br" library="amazon_resources_gherkin_bdd">
<kw name="Acessar a home page do site Amazon.com.br" library="amazon_resources_gherkin_bdd">
<kw name="Go To" library="SeleniumLibrary">
<arg>url=${URL}</arg>
<doc>Navigates the current browser window to the provided ``url``.</doc>
<msg timestamp="20220622 17:31:54.557" level="INFO">Opening url 'http://www.amazon.com.br'</msg>
<status status="PASS" starttime="20220622 17:31:54.556" endtime="20220622 17:31:56.204"/>
</kw>
<kw name="Wait Until Element Is Visible" library="SeleniumLibrary">
<arg>locator=${MENU_ELETRONICOS}</arg>
<doc>Waits until the element ``locator`` is visible.</doc>
<status status="PASS" starttime="20220622 17:31:56.205" endtime="20220622 17:31:56.242"/>
</kw>
<status status="PASS" starttime="20220622 17:31:54.556" endtime="20220622 17:31:56.243"/>
</kw>
<status status="PASS" starttime="20220622 17:31:54.555" endtime="20220622 17:31:56.243"/>
</kw>
<kw name="Quando pesquisar pelo produto &quot;Xbox Series S&quot;" library="amazon_resources_gherkin_bdd">
<kw name="Digitar o nome de produto &quot;Xbox Series S&quot; no campo de pesquisa" library="amazon_resources_gherkin_bdd" sourcename="Digitar o nome de produto &quot;${PRODUTO}&quot; no campo de pesquisa">
<kw name="Input Text" library="SeleniumLibrary">
<arg>locator=twotabsearchtextbox</arg>
<arg>text=${PRODUTO}</arg>
<doc>Types the given ``text`` into the text field identified by ``locator``.</doc>
<msg timestamp="20220622 17:31:56.245" level="INFO">Typing text 'Xbox Series S' into text field 'twotabsearchtextbox'.</msg>
<status status="PASS" starttime="20220622 17:31:56.244" endtime="20220622 17:31:56.440"/>
</kw>
<status status="PASS" starttime="20220622 17:31:56.244" endtime="20220622 17:31:56.440"/>
</kw>
<status status="PASS" starttime="20220622 17:31:56.243" endtime="20220622 17:31:56.440"/>
</kw>
<kw name="Então o título da página deve ficar &quot;Amazon.com.br : Xbox Series S&quot;" library="amazon_resources_gherkin_bdd">
<kw name="Clicar no botão de pesquisa" library="amazon_resources_gherkin_bdd">
<kw name="Click Element" library="SeleniumLibrary">
<arg>locator=nav-search-submit-button</arg>
<doc>Click the element identified by ``locator``.</doc>
<msg timestamp="20220622 17:31:56.445" level="INFO">Clicking element 'nav-search-submit-button'.</msg>
<status status="PASS" starttime="20220622 17:31:56.445" endtime="20220622 17:31:58.074"/>
</kw>
<status status="PASS" starttime="20220622 17:31:56.442" endtime="20220622 17:31:58.074"/>
</kw>
<status status="PASS" starttime="20220622 17:31:56.441" endtime="20220622 17:31:58.075"/>
</kw>
<kw name="E um produto da linha &quot;Xbox Series S&quot; deve ser mostrado na página" library="amazon_resources_gherkin_bdd">
<kw name="Verificar o resultado da pesquisa se está listando o produto &quot;Console Xbox Series S&quot;" library="amazon_resources_gherkin_bdd" sourcename="Verificar o resultado da pesquisa se está listando o produto &quot;${PRODUTO}&quot;">
<kw name="Wait Until Element Is Visible" library="SeleniumLibrary">
<arg>locator=(//span[contains(.,'${PRODUTO}')])[3]</arg>
<doc>Waits until the element ``locator`` is visible.</doc>
<status status="PASS" starttime="20220622 17:31:58.076" endtime="20220622 17:31:58.099"/>
</kw>
<status status="PASS" starttime="20220622 17:31:58.076" endtime="20220622 17:31:58.099"/>
</kw>
<status status="PASS" starttime="20220622 17:31:58.075" endtime="20220622 17:31:58.100"/>
</kw>
<kw name="Fechar o navegador" library="amazon_resources_gherkin_bdd" type="TEARDOWN">
<kw name="Capture Page Screenshot" library="SeleniumLibrary">
<doc>Takes a screenshot of the current page and embeds it into a log file.</doc>
<msg timestamp="20220622 17:31:58.358" level="INFO" html="true">&lt;/td&gt;&lt;/tr&gt;&lt;tr&gt;&lt;td colspan="3"&gt;&lt;a href="selenium-screenshot-3.png"&gt;&lt;img src="selenium-screenshot-3.png" width="800px"&gt;&lt;/a&gt;</msg>
<status status="PASS" starttime="20220622 17:31:58.100" endtime="20220622 17:31:58.359"/>
</kw>
<kw name="Close Browser" library="SeleniumLibrary">
<doc>Closes the current browser.</doc>
<status status="PASS" starttime="20220622 17:31:58.359" endtime="20220622 17:32:00.694"/>
</kw>
<status status="PASS" starttime="20220622 17:31:58.100" endtime="20220622 17:32:00.695"/>
</kw>
<doc>Esse teste verifica a busca de um produto</doc>
<tag>busca_produtos</tag>
<tag>lista_busca</tag>
<status status="PASS" starttime="20220622 17:31:52.852" endtime="20220622 17:32:00.695"/>
</test>
<doc>Essa suíte testa o site da Amazon.com.br</doc>
<status status="PASS" starttime="20220622 17:31:52.643" endtime="20220622 17:32:00.697"/>
</suite>
<statistics>
<total>
<stat pass="1" fail="0" skip="0">All Tests</stat>
</total>
<tag>
<stat pass="1" fail="0" skip="0">busca_produtos</stat>
<stat pass="1" fail="0" skip="0">lista_busca</stat>
</tag>
<suite>
<stat pass="1" fail="0" skip="0" id="s1" name="Amazon Testes Gherkin Bdd">Amazon Testes Gherkin Bdd</stat>
</suite>
</statistics>
<errors>
</errors>
</robot>
